<?xml version="1.0" encoding="UTF-8"?>
<!-- Generated by org.testng.reporters.JUnitXMLReporter -->
<testsuite ignored="3" hostname="LAPTOP-SSQPGT4E" failures="0" tests="3" name="Personal Loan" time="0.13" errors="0" timestamp="2023-05-14T10:16:00 EDT">
  <testcase classname="testNGFW.day2" name="ploasn3" time="0.021"/>
  <testcase classname="testNGFW.day2" name="ploasn4" time="0.002"/>
  <testcase classname="testNGFW.day2" name="ploasn5" time="0.002"/>
  <testcase classname="testNGFW.day2" name="ploasn2" time="0.0">
    <ignored/>
  </testcase> <!-- ploasn2 -->
  <testcase classname="testNGFW.day2" name="ploan1" time="0.0">
    <ignored/>
  </testcase> <!-- ploan1 -->
  <testcase classname="testNGFW.day2" name="ploan" time="0.0">
    <ignored/>
  </testcase> <!-- ploan -->
</testsuite> <!-- Personal Loan -->
