<?xml version="1.0" encoding="UTF-8"?>
<!-- Generated by org.testng.reporters.JUnitXMLReporter -->
<testsuite ignored="0" hostname="LAPTOP-SSQPGT4E" failures="0" tests="3" name="RBCTest2" time="26.469" errors="0" timestamp="22 Mar 2023 19:11:33 GMT">
  <testcase classname="techlearning.TestComponents.RBCTest2" name="rbcTest2" time="5.807"/>
  <testcase classname="techlearning.TestComponents.RBCTest2" name="rbcTest2" time="3.272"/>
  <testcase classname="techlearning.TestComponents.RBCTest2" name="rbcTest2" time="3.101"/>
</testsuite> <!-- RBCTest2 -->
