<?xml version="1.0" encoding="UTF-8"?>
<testng-results ignored="0" total="1" passed="1" failed="0" skipped="0">
  <reporter-output>
  </reporter-output>
  <suite started-at="2023-10-13T16:12:30 EDT" name="Default suite" finished-at="2023-10-13T16:13:03 EDT" duration-ms="33214">
    <groups>
    </groups>
    <test started-at="2023-10-13T16:12:30 EDT" name="Default test" finished-at="2023-10-13T16:13:03 EDT" duration-ms="33214">
      <class name="techlearning.TestComponents.TDTest">
        <test-method is-config="true" signature="launchApplication()[pri:0, instance:techlearning.TestComponents.TDTest@6c284af]" started-at="2023-10-13T16:12:31 EDT" name="launchApplication" finished-at="2023-10-13T16:12:34 EDT" duration-ms="3237" status="PASS">
          <reporter-output>
          </reporter-output>
        </test-method> <!-- launchApplication -->
        <test-method signature="rbcTest(java.util.HashMap)[pri:0, instance:techlearning.TestComponents.TDTest@6c284af]" started-at="2023-10-13T16:12:34 EDT" name="rbcTest" data-provider="getData" finished-at="2023-10-13T16:13:03 EDT" duration-ms="29550" status="PASS">
          <params>
            <param index="0">
              <value>
                <![CDATA[{income=200000, loan=5000, line=20000, credit=1000, debt=400, down=100000}]]>
              </value>
            </param>
          </params>
          <reporter-output>
          </reporter-output>
        </test-method> <!-- rbcTest -->
        <test-method is-config="true" signature="tearDown()[pri:0, instance:techlearning.TestComponents.TDTest@6c284af]" started-at="2023-10-13T16:13:03 EDT" name="tearDown" finished-at="2023-10-13T16:13:03 EDT" duration-ms="0" status="PASS">
          <reporter-output>
          </reporter-output>
        </test-method> <!-- tearDown -->
      </class> <!-- techlearning.TestComponents.TDTest -->
    </test> <!-- Default test -->
  </suite> <!-- Default suite -->
</testng-results>
