<?xml version="1.0" encoding="UTF-8"?>
<!-- Generated by org.testng.reporters.JUnitXMLReporter -->
<testsuite ignored="0" hostname="LAPTOP-SSQPGT4E" failures="0" tests="3" name="RBCTest2" time="23.375" errors="0" timestamp="21 Mar 2023 15:13:33 GMT">
  <testcase classname="techlearning.TestComponents.RBCTest2" name="rbcTest2" time="5.783"/>
  <testcase classname="techlearning.TestComponents.RBCTest2" name="rbcTest2" time="3.291"/>
  <testcase classname="techlearning.TestComponents.RBCTest2" name="rbcTest2" time="3.801"/>
</testsuite> <!-- RBCTest2 -->
