<?xml version="1.0" encoding="UTF-8"?>
<!-- Generated by org.testng.reporters.JUnitXMLReporter -->
<testsuite ignored="1" hostname="LAPTOP-SSQPGT4E" failures="0" tests="5" name="Personal Loan" time="0.114" errors="0" timestamp="2023-02-26T10:14:29 EST">
  <testcase classname="testNGFW.day2" name="ploan1" time="0.014"/>
  <testcase classname="testNGFW.day2" name="ploasn2" time="0.001"/>
  <testcase classname="testNGFW.day2" name="ploasn3" time="0.002"/>
  <testcase classname="testNGFW.day2" name="ploasn4" time="0.003"/>
  <testcase classname="testNGFW.day2" name="ploasn5" time="0.002"/>
  <testcase classname="testNGFW.day2" name="ploan" time="0.0">
    <ignored/>
  </testcase> <!-- ploan -->
</testsuite> <!-- Personal Loan -->
