<?xml version="1.0" encoding="UTF-8"?>
<robot generator="Robot 6.1.1 (Python 3.10.5 on win32)" generated="20231118 10:50:51.668" rpa="false" schemaversion="4">
<suite id="s1" name="testDemo1" source="C:\Users\aarav\eclipse-workspace\PushpinderProjectsGit\RobotFramework\RobotFramework\tests\testDemo1.robot">
<test id="s1-t1" name="Validate UnSuccesful Login" line="12">
<kw name="open the browser with the Mortgage payment url">
<kw name="Open Browser" library="SeleniumLibrary">
<arg>https://rahulshettyacademy.com/loginpagePractise/</arg>
<arg>Chrome</arg>
<doc>Opens a new browser instance to the optional ``url``.</doc>
<msg timestamp="20231118 10:50:53.428" level="INFO">Opening browser 'Chrome' to base url 'https://rahulshettyacademy.com/loginpagePractise/'.</msg>
<status status="PASS" starttime="20231118 10:50:53.425" endtime="20231118 10:51:00.356"/>
</kw>
<status status="PASS" starttime="20231118 10:50:53.421" endtime="20231118 10:51:00.357"/>
</kw>
<kw name="Fill the login Form">
<kw name="Input Text" library="SeleniumLibrary">
<arg>id:username</arg>
<arg>rahulshettyacademy</arg>
<doc>Types the given ``text`` into the text field identified by ``locator``.</doc>
<msg timestamp="20231118 10:51:00.363" level="INFO">Typing text 'rahulshettyacademy' into text field 'id:username'.</msg>
<status status="PASS" starttime="20231118 10:51:00.360" endtime="20231118 10:51:01.278"/>
</kw>
<kw name="Input Password" library="SeleniumLibrary">
<arg>id:password</arg>
<arg>12345678</arg>
<doc>Types the given password into the text field identified by ``locator``.</doc>
<msg timestamp="20231118 10:51:01.280" level="INFO">Typing password into text field 'id:password'.</msg>
<msg timestamp="20231118 10:51:01.549" level="INFO">Temporally setting log level to: NONE</msg>
<msg timestamp="20231118 10:51:02.001" level="INFO">Log level changed from NONE to INFO.</msg>
<status status="PASS" starttime="20231118 10:51:01.278" endtime="20231118 10:51:02.002"/>
</kw>
<kw name="Click Button" library="SeleniumLibrary">
<arg>signInBtn</arg>
<doc>Clicks the button identified by ``locator``.</doc>
<msg timestamp="20231118 10:51:02.005" level="INFO">Clicking button 'signInBtn'.</msg>
<status status="PASS" starttime="20231118 10:51:02.003" endtime="20231118 10:51:02.380"/>
</kw>
<status status="PASS" starttime="20231118 10:51:00.357" endtime="20231118 10:51:02.380"/>
</kw>
<kw name="wait until it checks and display error message">
<kw name="Wait Until Element Is Visible" library="SeleniumLibrary">
<arg>${Error_Message_Login}</arg>
<doc>Waits until the element ``locator`` is visible.</doc>
<status status="PASS" starttime="20231118 10:51:02.388" endtime="20231118 10:51:04.596"/>
</kw>
<status status="PASS" starttime="20231118 10:51:02.387" endtime="20231118 10:51:04.598"/>
</kw>
<kw name="verify error message is correct">
<kw name="Get Text" library="SeleniumLibrary">
<var>${result}</var>
<arg>${Error_Message_Login}</arg>
<doc>Returns the text value of the element identified by ``locator``.</doc>
<msg timestamp="20231118 10:51:04.695" level="INFO">${result} = Incorrect username/password.</msg>
<status status="PASS" starttime="20231118 10:51:04.603" endtime="20231118 10:51:04.695"/>
</kw>
<kw name="Should Be Equal As Strings" library="BuiltIn">
<arg>${result}</arg>
<arg>Incorrect username/password.</arg>
<doc>Fails if objects are unequal after converting them to strings.</doc>
<status status="PASS" starttime="20231118 10:51:04.697" endtime="20231118 10:51:04.699"/>
</kw>
<kw name="Element Text Should Be" library="SeleniumLibrary">
<arg>${Error_Message_Login}</arg>
<arg>Incorrect username/password.</arg>
<doc>Verifies that element ``locator`` contains exact the text ``expected``.</doc>
<msg timestamp="20231118 10:51:04.703" level="INFO">Verifying element 'css:.alert-danger' contains exact text 'Incorrect username/password.'.</msg>
<status status="PASS" starttime="20231118 10:51:04.700" endtime="20231118 10:51:04.806"/>
</kw>
<status status="PASS" starttime="20231118 10:51:04.601" endtime="20231118 10:51:04.806"/>
</kw>
<kw name="Close Browser" library="SeleniumLibrary" type="TEARDOWN">
<doc>Closes the current browser.</doc>
<status status="PASS" starttime="20231118 10:51:04.808" endtime="20231118 10:51:07.302"/>
</kw>
<status status="PASS" starttime="20231118 10:50:53.417" endtime="20231118 10:51:07.304"/>
</test>
<doc>To validate the Login form</doc>
<status status="PASS" starttime="20231118 10:50:51.672" endtime="20231118 10:51:07.313"/>
</suite>
<statistics>
<total>
<stat pass="1" fail="0" skip="0">All Tests</stat>
</total>
<tag>
</tag>
<suite>
<stat pass="1" fail="0" skip="0" id="s1" name="testDemo1">testDemo1</stat>
</suite>
</statistics>
<errors>
</errors>
</robot>
